Removed Pin From Net: NetName=+24VA Pin=J2-1
Removed Pin From Net: NetName=+24VA Pin=J2-2
Removed Pin From Net: NetName=+24VA Pin=J2-3
Removed Pin From Net: NetName=TH1 Pin=J2-4
Removed Pin From Net: NetName=FAN1 Pin=J2-5
Removed Pin From Net: NetName=FAN2 Pin=J2-6
Removed Pin From Net: NetName=Z_0 Pin=J2-7
Removed Pin From Net: NetName=LED Pin=J2-8
Removed Pin From Net: NetName=HOTEND Pin=J2-9
Removed Pin From Net: NetName=HOTEND Pin=J2-10
Removed Pin From Net: NetName=HOTEND Pin=J2-11
Removed Pin From Net: NetName=HOTEND Pin=J2-12
Removed Pin From Net: NetName=GND Pin=J2-13
Removed Pin From Net: NetName=GND Pin=J2-14
Removed Pin From Net: NetName=GND Pin=J2-15
Removed Pin From Net: NetName=GND Pin=J2-16
Change Component Footprint: Designator=J2 Old Footprint=FFC Connector New Footprint=CON_522071633_MOL
Change Component Comment : Designator=J2 Old Comment=505110-1692 New Comment=522071633
Change component parameters: Designator = "J2" ("J2"); Footprint = "FFC Connector"; UniqueID = "\VVGAODDJ" ("\VVGAODDJ")
Change component parameters (AddParameter): Name = "Mfr_Name"; Value = "Molex Connector Corporation"; VariantName = "[No Variations]"
Change component parameters (AddParameter): Name = "RefDes"; Value = "RefDes"; VariantName = "[No Variations]"
Change component parameters (AddParameter): Name = "Type"; Value = "Type"; VariantName = "[No Variations]"
Added Room: Name=Sheet1
