Removed Pin From Net: NetName=+24VA Pin=J3-1
Removed Pin From Net: NetName=+24VA Pin=J3-2
Removed Pin From Net: NetName=HOTEND Pin=J4-1
Removed Pin From Net: NetName=HOTEND Pin=J4-2
Removed Member From Class: ClassName=Sheet1 Member=J3
Removed Member From Class: ClassName=Sheet1 Member=J4
Change component parameters: Designator = "R5" ("R5"); Footprint = "R_0805_GEN_0.70H"; UniqueID = "\IWCLUTSF" ("\IWCLUTSF")
Change component parameters (AddParameter): Name = "Added by"; Value = "HasanA"; VariantName = "[No Variations]"
Change component parameters (AddParameter): Name = "Checked by"; Value = "YasinY"; VariantName = "[No Variations]"
Change component parameters (AddParameter): Name = "ComponentLink1Description"; Value = "Resource Folder"; VariantName = "[No Variations]"
Change component parameters (AddParameter): Name = "ComponentLink1URL"; Value = "C:\FireANTs_Repo\HW_Lib\trunk\ComponentLibrary\Resources\Resistors\R00051"; VariantName = "[No Variations]"
Change component parameters (AddParameter): Name = "Cost"; Value = "0.10"; VariantName = "[No Variations]"
Change component parameters (AddParameter): Name = "Current"; Value = "X"; VariantName = "[No Variations]"
Change component parameters (AddParameter): Name = "Failure in Time"; Value = "N/A"; VariantName = "[No Variations]"
Change component parameters (AddParameter): Name = "Features"; Value = "AEC-Q200"; VariantName = "[No Variations]"
Change component parameters (AddParameter): Name = "FireANTs Code"; Value = "R00051"; VariantName = "[No Variations]"
Change component parameters (AddParameter): Name = "Grade Level"; Value = "Automotive"; VariantName = "[No Variations]"
Change component parameters (AddParameter): Name = "Height"; Value = "0.70"; VariantName = "[No Variations]"
Change component parameters (AddParameter): Name = "Identifier"; Value = "STD_33R_#3"; VariantName = "[No Variations]"
Change component parameters (AddParameter): Name = "Lead Status"; Value = "Pb-Free"; VariantName = "[No Variations]"
Change component parameters (AddParameter): Name = "Location"; Value = "2C13"; VariantName = "[No Variations]"
Change component parameters (AddParameter): Name = "Manufacturer#1"; Value = "Yageo"; VariantName = "[No Variations]"
Change component parameters (AddParameter): Name = "Manufacturer#1 PN"; Value = "AC0805FR-0733RL"; VariantName = "[No Variations]"
Change component parameters (AddParameter): Name = "Manufacturer#2"; Value = "Panasonic"; VariantName = "[No Variations]"
Change component parameters (AddParameter): Name = "Manufacturer#2 PN"; Value = "ERJ-6ENF33R0V"; VariantName = "[No Variations]"
Change component parameters (AddParameter): Name = "Max Reflow Duration"; Value = "10"; VariantName = "[No Variations]"
Change component parameters (AddParameter): Name = "Max Reflow Temp"; Value = "260"; VariantName = "[No Variations]"
Change component parameters (AddParameter): Name = "Mounting Type"; Value = "SMD"; VariantName = "[No Variations]"
Change component parameters (AddParameter): Name = "MSL"; Value = "1"; VariantName = "[No Variations]"
Change component parameters (AddParameter): Name = "Package"; Value = "0805"; VariantName = "[No Variations]"
Change component parameters (AddParameter): Name = "Part Status"; Value = "Active"; VariantName = "[No Variations]"
Change component parameters (AddParameter): Name = "Placement Area"; Value = "10.45"; VariantName = "[No Variations]"
Change component parameters (AddParameter): Name = "Power Rating"; Value = "125mW"; VariantName = "[No Variations]"
Change component parameters (AddParameter): Name = "Similar Part"; Value = "N/A"; VariantName = "[No Variations]"
Change component parameters (AddParameter): Name = "Temp# Operating"; Value = "-55°C/+155°C"; VariantName = "[No Variations]"
Change component parameters (AddParameter): Name = "Temp# Storage"; Value = "N/A"; VariantName = "[No Variations]"
Change component parameters (AddParameter): Name = "Tolerance"; Value = "1%"; VariantName = "[No Variations]"
Change component parameters (AddParameter): Name = "Value"; Value = "22K"; VariantName = "[No Variations]"
Change component parameters (AddParameter): Name = "Voltage"; Value = "150V"; VariantName = "[No Variations]"
Change component parameters (AddParameter): Name = "Weight"; Value = "5.5mg"; VariantName = "[No Variations]"
Change component parameters: Designator = "R6" ("R6"); Footprint = "R_0805_GEN_0.70H"; UniqueID = "\ZADIMGHK" ("\ZADIMGHK")
Change component parameters (AddParameter): Name = "Added by"; Value = "HasanA"; VariantName = "[No Variations]"
Change component parameters (AddParameter): Name = "Checked by"; Value = "YasinY"; VariantName = "[No Variations]"
Change component parameters (AddParameter): Name = "ComponentLink1Description"; Value = "Resource Folder"; VariantName = "[No Variations]"
Change component parameters (AddParameter): Name = "ComponentLink1URL"; Value = "C:\FireANTs_Repo\HW_Lib\trunk\ComponentLibrary\Resources\Resistors\R00051"; VariantName = "[No Variations]"
Change component parameters (AddParameter): Name = "Cost"; Value = "0.10"; VariantName = "[No Variations]"
Change component parameters (AddParameter): Name = "Current"; Value = "X"; VariantName = "[No Variations]"
Change component parameters (AddParameter): Name = "Failure in Time"; Value = "N/A"; VariantName = "[No Variations]"
Change component parameters (AddParameter): Name = "Features"; Value = "AEC-Q200"; VariantName = "[No Variations]"
Change component parameters (AddParameter): Name = "FireANTs Code"; Value = "R00051"; VariantName = "[No Variations]"
Change component parameters (AddParameter): Name = "Grade Level"; Value = "Automotive"; VariantName = "[No Variations]"
Change component parameters (AddParameter): Name = "Height"; Value = "0.70"; VariantName = "[No Variations]"
Change component parameters (AddParameter): Name = "Identifier"; Value = "STD_33R_#3"; VariantName = "[No Variations]"
Change component parameters (AddParameter): Name = "Lead Status"; Value = "Pb-Free"; VariantName = "[No Variations]"
Change component parameters (AddParameter): Name = "Location"; Value = "2C13"; VariantName = "[No Variations]"
Change component parameters (AddParameter): Name = "Manufacturer#1"; Value = "Yageo"; VariantName = "[No Variations]"
Change component parameters (AddParameter): Name = "Manufacturer#1 PN"; Value = "AC0805FR-0733RL"; VariantName = "[No Variations]"
Change component parameters (AddParameter): Name = "Manufacturer#2"; Value = "Panasonic"; VariantName = "[No Variations]"
Change component parameters (AddParameter): Name = "Manufacturer#2 PN"; Value = "ERJ-6ENF33R0V"; VariantName = "[No Variations]"
Change component parameters (AddParameter): Name = "Max Reflow Duration"; Value = "10"; VariantName = "[No Variations]"
Change component parameters (AddParameter): Name = "Max Reflow Temp"; Value = "260"; VariantName = "[No Variations]"
Change component parameters (AddParameter): Name = "Mounting Type"; Value = "SMD"; VariantName = "[No Variations]"
Change component parameters (AddParameter): Name = "MSL"; Value = "1"; VariantName = "[No Variations]"
Change component parameters (AddParameter): Name = "Package"; Value = "0805"; VariantName = "[No Variations]"
Change component parameters (AddParameter): Name = "Part Status"; Value = "Active"; VariantName = "[No Variations]"
Change component parameters (AddParameter): Name = "Placement Area"; Value = "10.45"; VariantName = "[No Variations]"
Change component parameters (AddParameter): Name = "Power Rating"; Value = "125mW"; VariantName = "[No Variations]"
Change component parameters (AddParameter): Name = "Similar Part"; Value = "N/A"; VariantName = "[No Variations]"
Change component parameters (AddParameter): Name = "Temp# Operating"; Value = "-55°C/+155°C"; VariantName = "[No Variations]"
Change component parameters (AddParameter): Name = "Temp# Storage"; Value = "N/A"; VariantName = "[No Variations]"
Change component parameters (AddParameter): Name = "Tolerance"; Value = "1%"; VariantName = "[No Variations]"
Change component parameters (AddParameter): Name = "Value"; Value = "22K"; VariantName = "[No Variations]"
Change component parameters (AddParameter): Name = "Voltage"; Value = "150V"; VariantName = "[No Variations]"
Change component parameters (AddParameter): Name = "Weight"; Value = "5.5mg"; VariantName = "[No Variations]"
Added Component: Designator=J?(620104131822)
Add component (AddParameter): Name = "Availability"; Value = "Unavailable"; VariantName = "[No Variations]"
Add component (AddParameter): Name = "MF"; Value = ""; VariantName = "[No Variations]"
Add component (AddParameter): Name = "MP"; Value = "620104131822"; VariantName = "[No Variations]"
Add component (AddParameter): Name = "Package"; Value = "None"; VariantName = "[No Variations]"
Add component (AddParameter): Name = "Price"; Value = "None"; VariantName = "[No Variations]"
Add component (AddParameter): Name = "Value"; Value = ""; VariantName = "[No Variations]"
Added Pin To Net: NetName=HOTEND Pin=J?-1
Added Pin To Net: NetName=HOTEND Pin=J?-2
Added Pin To Net: NetName=+24VA Pin=J?-3
Added Pin To Net: NetName=+24VA Pin=J?-4
Added Member To Class: ClassName=Sheet1 Member=Component J? 620104131822
Added Room: Name=Sheet1
