Removed Pin From Net: NetName=DTR Pin=J26-1
Removed Pin From Net: NetName=RST Pin=J26-2
Removed Pin From Net: NetName=ESP_EN Pin=J26-3
Removed Pin From Net: NetName=WIFI_IO0 Pin=J26-4
Removed Pin From Net: NetName=+3V3 Pin=J26-5
Removed Pin From Net: NetName=GND Pin=J26-6
Removed Pin From Net: NetName=RXD0 Pin=J26-7
Removed Pin From Net: NetName=TXD0 Pin=J26-8
Removed Pin From Net: NetName=+24VA Pin=J37-2
Removed Pin From Net: NetName=+24VA Pin=J38-2
Removed Pin From Net: NetName=GND Pin=Q17-2
Removed Pin From Net: NetName=GND Pin=Q18-2
Removed Pin From Net: NetName=+24VA Pin=R82-2
Removed Pin From Net: NetName=+24VA Pin=R83-2
Removed Pin From Net: NetName=FAN1 Pin=R84-1
Removed Pin From Net: NetName=FAN2 Pin=R85-1
Removed Pin From Net: NetName=GND Pin=R86-1
Removed Pin From Net: NetName=GND Pin=R87-1
Removed Member From Class: ClassName=U_Printing4 Member=D4
Removed Member From Class: ClassName=U_Printing4 Member=D5
Removed Member From Class: ClassName=U_Printing5 Member=J26
Removed Member From Class: ClassName=U_Printing4 Member=J37
Removed Member From Class: ClassName=U_Printing4 Member=J38
Removed Member From Class: ClassName=U_Printing4 Member=Q17
Removed Member From Class: ClassName=U_Printing4 Member=Q18
Removed Member From Class: ClassName=U_Printing4 Member=R82
Removed Member From Class: ClassName=U_Printing4 Member=R83
Removed Member From Class: ClassName=U_Printing4 Member=R84
Removed Member From Class: ClassName=U_Printing4 Member=R85
Removed Member From Class: ClassName=U_Printing4 Member=R86
Removed Member From Class: ClassName=U_Printing4 Member=R87
Change Net Name : Old Net Name=SPI1_MOSI New Net Name=SPI1_SCK
Added Pin To Net: NetName=SPI1_MOSI Pin=J60-3
Added Pin To Net: NetName=SPI1_MOSI Pin=IC2-32
Added Net: Name=SPI1_MOSI
Added Room: Name=U_Printing2
Added Room: Name=U_Printing3
Added Room: Name=U_Printing4
Added Room: Name=U_Printing5
Added Room: Name=U_Printing6
Added Room: Name=U_Printing
